<?xml version="1.0" encoding="UTF-8"?>
<robot generator="Robot 5.0.1 (Python 3.9.7 on darwin)" generated="20220607 02:49:21.100" rpa="false" schemaversion="3">
<suite id="s1" name="Epam" source="/Users/andrii_sidachenko/develop/Python-TAP/Lesson7_Robot/test_suites/epam.robot">
<test id="s1-t1" name="Header Localisation" line="10">
<kw name="Log To Console" library="BuiltIn" type="SETUP">
<arg>${TEST NAME} is started</arg>
<doc>Logs the given message to the console.</doc>
<status status="PASS" starttime="20220607 02:49:21.251" endtime="20220607 02:49:21.251"/>
</kw>
<kw name="Open Browser To Home Page" library="keywords">
<kw name="Open Browser" library="SeleniumLibrary">
<arg>${HOME_URL}</arg>
<arg>${BROWSER}</arg>
<doc>Opens a new browser instance to the optional ``url``.</doc>
<msg timestamp="20220607 02:49:21.252" level="INFO">Opening browser 'Chrome' to base url 'https://www.epam.com/'.</msg>
<status status="PASS" starttime="20220607 02:49:21.252" endtime="20220607 02:49:38.815"/>
</kw>
<kw name="Maximize Browser Window" library="SeleniumLibrary">
<doc>Maximizes current browser window.</doc>
<status status="PASS" starttime="20220607 02:49:38.815" endtime="20220607 02:49:39.085"/>
</kw>
<kw name="Set Selenium Speed" library="SeleniumLibrary">
<arg>${DELAY}</arg>
<doc>Sets the delay that is waited after each Selenium command.</doc>
<status status="PASS" starttime="20220607 02:49:39.085" endtime="20220607 02:49:39.086"/>
</kw>
<kw name="Home Page Should Be Open" library="keywords">
<kw name="Title Should Be" library="SeleniumLibrary">
<arg>EPAM | Enterprise Software Development, Design &amp; Consulting</arg>
<doc>Verifies that the current page title equals ``title``.</doc>
<msg timestamp="20220607 02:49:40.806" level="INFO">Page title is 'EPAM | Enterprise Software Development, Design &amp; Consulting'.</msg>
<status status="PASS" starttime="20220607 02:49:39.086" endtime="20220607 02:49:40.806"/>
</kw>
<status status="PASS" starttime="20220607 02:49:39.086" endtime="20220607 02:49:40.807"/>
</kw>
<status status="PASS" starttime="20220607 02:49:21.251" endtime="20220607 02:49:40.807"/>
</kw>
<kw name="Make Sure Version Is English" library="keywords">
<kw name="Log To Console" library="BuiltIn">
<arg>Verifying site version...</arg>
<doc>Logs the given message to the console.</doc>
<status status="PASS" starttime="20220607 02:49:40.807" endtime="20220607 02:49:40.807"/>
</kw>
<kw name="Element Text Should Be" library="SeleniumLibrary">
<arg>//button[@class='location-selector__button']</arg>
<arg>Global (EN)</arg>
<doc>Verifies that element ``locator`` contains exact the text ``expected``.</doc>
<msg timestamp="20220607 02:49:40.808" level="INFO">Verifying element '//button[@class='location-selector__button']' contains exact text 'Global (EN)'.</msg>
<status status="PASS" starttime="20220607 02:49:40.807" endtime="20220607 02:49:43.984"/>
</kw>
<kw name="Log To Console" library="BuiltIn">
<arg>Done</arg>
<doc>Logs the given message to the console.</doc>
<status status="PASS" starttime="20220607 02:49:43.984" endtime="20220607 02:49:43.985"/>
</kw>
<status status="PASS" starttime="20220607 02:49:40.807" endtime="20220607 02:49:43.985"/>
</kw>
<kw name="Check Links Translation" library="keywords">
<kw name="Log To Console" library="BuiltIn">
<arg>Verifying links translation...</arg>
<doc>Logs the given message to the console.</doc>
<status status="PASS" starttime="20220607 02:49:43.986" endtime="20220607 02:49:43.986"/>
</kw>
<kw name="Element Text Should Be" library="SeleniumLibrary">
<arg>css:.top-navigation__item-link[href="/services"]</arg>
<arg>SERVICES</arg>
<doc>Verifies that element ``locator`` contains exact the text ``expected``.</doc>
<msg timestamp="20220607 02:49:43.987" level="INFO">Verifying element 'css:.top-navigation__item-link[href="/services"]' contains exact text 'SERVICES'.</msg>
<status status="PASS" starttime="20220607 02:49:43.987" endtime="20220607 02:49:44.638"/>
</kw>
<kw name="Element Text Should Be" library="SeleniumLibrary">
<arg>css:.top-navigation__item-link[href="/how-we-do-it"]</arg>
<arg>HOW WE DO IT</arg>
<doc>Verifies that element ``locator`` contains exact the text ``expected``.</doc>
<msg timestamp="20220607 02:49:44.639" level="INFO">Verifying element 'css:.top-navigation__item-link[href="/how-we-do-it"]' contains exact text 'HOW WE DO IT'.</msg>
<status status="PASS" starttime="20220607 02:49:44.638" endtime="20220607 02:49:45.277"/>
</kw>
<kw name="Element Text Should Be" library="SeleniumLibrary">
<arg>css:.top-navigation__item-link[href="/our-work"]</arg>
<arg>OUR WORK</arg>
<doc>Verifies that element ``locator`` contains exact the text ``expected``.</doc>
<msg timestamp="20220607 02:49:45.280" level="INFO">Verifying element 'css:.top-navigation__item-link[href="/our-work"]' contains exact text 'OUR WORK'.</msg>
<status status="PASS" starttime="20220607 02:49:45.278" endtime="20220607 02:49:45.924"/>
</kw>
<kw name="Element Text Should Be" library="SeleniumLibrary">
<arg>css:.top-navigation__item-link[href="/insights"]</arg>
<arg>INSIGHTS</arg>
<doc>Verifies that element ``locator`` contains exact the text ``expected``.</doc>
<msg timestamp="20220607 02:49:45.925" level="INFO">Verifying element 'css:.top-navigation__item-link[href="/insights"]' contains exact text 'INSIGHTS'.</msg>
<status status="PASS" starttime="20220607 02:49:45.925" endtime="20220607 02:49:46.579"/>
</kw>
<kw name="Element Text Should Be" library="SeleniumLibrary">
<arg>css:.top-navigation__item-link[href="/about"]</arg>
<arg>ABOUT</arg>
<doc>Verifies that element ``locator`` contains exact the text ``expected``.</doc>
<msg timestamp="20220607 02:49:46.581" level="INFO">Verifying element 'css:.top-navigation__item-link[href="/about"]' contains exact text 'ABOUT'.</msg>
<status status="PASS" starttime="20220607 02:49:46.580" endtime="20220607 02:49:47.233"/>
</kw>
<kw name="Element Text Should Be" library="SeleniumLibrary">
<arg>css:.top-navigation__item-link[href="/careers"]</arg>
<arg>CAREERS</arg>
<doc>Verifies that element ``locator`` contains exact the text ``expected``.</doc>
<msg timestamp="20220607 02:49:47.236" level="INFO">Verifying element 'css:.top-navigation__item-link[href="/careers"]' contains exact text 'CAREERS'.</msg>
<status status="PASS" starttime="20220607 02:49:47.234" endtime="20220607 02:49:47.879"/>
</kw>
<kw name="Log To Console" library="BuiltIn">
<arg>Done</arg>
<doc>Logs the given message to the console.</doc>
<status status="PASS" starttime="20220607 02:49:47.880" endtime="20220607 02:49:47.881"/>
</kw>
<status status="PASS" starttime="20220607 02:49:43.986" endtime="20220607 02:49:47.882"/>
</kw>
<kw name="Close Browser" library="SeleniumLibrary" type="TEARDOWN">
<doc>Closes the current browser.</doc>
<status status="PASS" starttime="20220607 02:49:47.883" endtime="20220607 02:49:48.259"/>
</kw>
<status status="PASS" starttime="20220607 02:49:21.251" endtime="20220607 02:49:48.259"/>
</test>
<test id="s1-t2" name="Working About Function" line="17">
<kw name="Log To Console" library="BuiltIn" type="SETUP">
<arg>${TEST NAME} is started</arg>
<doc>Logs the given message to the console.</doc>
<status status="PASS" starttime="20220607 02:49:48.260" endtime="20220607 02:49:48.261"/>
</kw>
<kw name="Open Browser To Home Page" library="keywords">
<kw name="Open Browser" library="SeleniumLibrary">
<arg>${HOME_URL}</arg>
<arg>${BROWSER}</arg>
<doc>Opens a new browser instance to the optional ``url``.</doc>
<msg timestamp="20220607 02:49:48.261" level="INFO">Opening browser 'Chrome' to base url 'https://www.epam.com/'.</msg>
<status status="PASS" starttime="20220607 02:49:48.261" endtime="20220607 02:50:03.376"/>
</kw>
<kw name="Maximize Browser Window" library="SeleniumLibrary">
<doc>Maximizes current browser window.</doc>
<status status="PASS" starttime="20220607 02:50:03.376" endtime="20220607 02:50:03.925"/>
</kw>
<kw name="Set Selenium Speed" library="SeleniumLibrary">
<arg>${DELAY}</arg>
<doc>Sets the delay that is waited after each Selenium command.</doc>
<status status="PASS" starttime="20220607 02:50:03.925" endtime="20220607 02:50:03.926"/>
</kw>
<kw name="Home Page Should Be Open" library="keywords">
<kw name="Title Should Be" library="SeleniumLibrary">
<arg>EPAM | Enterprise Software Development, Design &amp; Consulting</arg>
<doc>Verifies that the current page title equals ``title``.</doc>
<msg timestamp="20220607 02:50:05.950" level="INFO">Page title is 'EPAM | Enterprise Software Development, Design &amp; Consulting'.</msg>
<status status="PASS" starttime="20220607 02:50:03.926" endtime="20220607 02:50:05.950"/>
</kw>
<status status="PASS" starttime="20220607 02:50:03.926" endtime="20220607 02:50:05.951"/>
</kw>
<status status="PASS" starttime="20220607 02:49:48.261" endtime="20220607 02:50:05.951"/>
</kw>
<kw name="Click About Link In Header" library="keywords">
<kw name="Log To Console" library="BuiltIn">
<arg>Opening About page...</arg>
<doc>Logs the given message to the console.</doc>
<status status="PASS" starttime="20220607 02:50:05.951" endtime="20220607 02:50:05.951"/>
</kw>
<kw name="Click Link" library="SeleniumLibrary">
<arg>css:.top-navigation__item-link[href="/about"]</arg>
<doc>Clicks a link identified by ``locator``.</doc>
<msg timestamp="20220607 02:50:05.952" level="INFO">Clicking link 'css:.top-navigation__item-link[href="/about"]'.</msg>
<status status="PASS" starttime="20220607 02:50:05.951" endtime="20220607 02:50:15.450"/>
</kw>
<kw name="Log To Console" library="BuiltIn">
<arg>Done</arg>
<doc>Logs the given message to the console.</doc>
<status status="PASS" starttime="20220607 02:50:15.451" endtime="20220607 02:50:15.451"/>
</kw>
<status status="PASS" starttime="20220607 02:50:05.951" endtime="20220607 02:50:15.451"/>
</kw>
<kw name="Check Link About Is Opened" library="keywords">
<kw name="Log To Console" library="BuiltIn">
<arg>Verifying site location...</arg>
<doc>Logs the given message to the console.</doc>
<status status="PASS" starttime="20220607 02:50:15.451" endtime="20220607 02:50:15.451"/>
</kw>
<kw name="Location Should Be" library="SeleniumLibrary">
<arg>https://www.epam.com/about</arg>
<doc>Verifies that the current URL is exactly ``url``.</doc>
<msg timestamp="20220607 02:50:20.258" level="INFO">Current location is 'https://www.epam.com/about'.</msg>
<status status="PASS" starttime="20220607 02:50:15.451" endtime="20220607 02:50:20.259"/>
</kw>
<kw name="Log To Console" library="BuiltIn">
<arg>Done</arg>
<doc>Logs the given message to the console.</doc>
<status status="PASS" starttime="20220607 02:50:20.259" endtime="20220607 02:50:20.259"/>
</kw>
<status status="PASS" starttime="20220607 02:50:15.451" endtime="20220607 02:50:20.259"/>
</kw>
<kw name="Close Browser" library="SeleniumLibrary" type="TEARDOWN">
<doc>Closes the current browser.</doc>
<status status="PASS" starttime="20220607 02:50:20.259" endtime="20220607 02:50:20.633"/>
</kw>
<status status="PASS" starttime="20220607 02:49:48.260" endtime="20220607 02:50:20.633"/>
</test>
<test id="s1-t3" name="Python Word Search" line="24">
<kw name="Log To Console" library="BuiltIn" type="SETUP">
<arg>${TEST NAME} is started</arg>
<doc>Logs the given message to the console.</doc>
<status status="PASS" starttime="20220607 02:50:20.635" endtime="20220607 02:50:20.636"/>
</kw>
<kw name="Open Browser To Home Page" library="keywords">
<kw name="Open Browser" library="SeleniumLibrary">
<arg>${HOME_URL}</arg>
<arg>${BROWSER}</arg>
<doc>Opens a new browser instance to the optional ``url``.</doc>
<msg timestamp="20220607 02:50:20.637" level="INFO">Opening browser 'Chrome' to base url 'https://www.epam.com/'.</msg>
<status status="PASS" starttime="20220607 02:50:20.636" endtime="20220607 02:50:51.738"/>
</kw>
<kw name="Maximize Browser Window" library="SeleniumLibrary">
<doc>Maximizes current browser window.</doc>
<status status="PASS" starttime="20220607 02:50:51.739" endtime="20220607 02:50:52.471"/>
</kw>
<kw name="Set Selenium Speed" library="SeleniumLibrary">
<arg>${DELAY}</arg>
<doc>Sets the delay that is waited after each Selenium command.</doc>
<status status="PASS" starttime="20220607 02:50:52.471" endtime="20220607 02:50:52.471"/>
</kw>
<kw name="Home Page Should Be Open" library="keywords">
<kw name="Title Should Be" library="SeleniumLibrary">
<arg>EPAM | Enterprise Software Development, Design &amp; Consulting</arg>
<doc>Verifies that the current page title equals ``title``.</doc>
<msg timestamp="20220607 02:50:53.905" level="INFO">Page title is 'EPAM | Enterprise Software Development, Design &amp; Consulting'.</msg>
<status status="PASS" starttime="20220607 02:50:52.472" endtime="20220607 02:50:53.905"/>
</kw>
<status status="PASS" starttime="20220607 02:50:52.472" endtime="20220607 02:50:53.906"/>
</kw>
<status status="PASS" starttime="20220607 02:50:20.636" endtime="20220607 02:50:53.906"/>
</kw>
<kw name="Click Search Button" library="keywords">
<kw name="Log To Console" library="BuiltIn">
<arg>Going to search page...</arg>
<doc>Logs the given message to the console.</doc>
<status status="PASS" starttime="20220607 02:50:53.906" endtime="20220607 02:50:53.906"/>
</kw>
<kw name="Click Element" library="SeleniumLibrary">
<arg>//button[@class='header-search__button header__icon']</arg>
<doc>Click the element identified by ``locator``.</doc>
<msg timestamp="20220607 02:50:53.907" level="INFO">Clicking element '//button[@class='header-search__button header__icon']'.</msg>
<status status="PASS" starttime="20220607 02:50:53.906" endtime="20220607 02:50:58.274"/>
</kw>
<kw name="Log To Console" library="BuiltIn">
<arg>Done</arg>
<doc>Logs the given message to the console.</doc>
<status status="PASS" starttime="20220607 02:50:58.274" endtime="20220607 02:50:58.274"/>
</kw>
<status status="PASS" starttime="20220607 02:50:53.906" endtime="20220607 02:50:58.274"/>
</kw>
<kw name="Enter The Python word and Click Find" library="keywords">
<kw name="Input Text" library="SeleniumLibrary">
<arg>id:new_form_search</arg>
<arg>Python</arg>
<doc>Types the given ``text`` into the text field identified by ``locator``.</doc>
<msg timestamp="20220607 02:50:58.275" level="INFO">Typing text 'Python' into text field 'id:new_form_search'.</msg>
<status status="PASS" starttime="20220607 02:50:58.274" endtime="20220607 02:51:00.122"/>
</kw>
<kw name="Log To Console" library="BuiltIn">
<arg>Searching for "Python" word...</arg>
<doc>Logs the given message to the console.</doc>
<status status="PASS" starttime="20220607 02:51:00.122" endtime="20220607 02:51:00.122"/>
</kw>
<kw name="Click Button" library="SeleniumLibrary">
<arg>//button[normalize-space()='Find']</arg>
<doc>Clicks the button identified by ``locator``.</doc>
<msg timestamp="20220607 02:51:00.122" level="INFO">Clicking button '//button[normalize-space()='Find']'.</msg>
<status status="PASS" starttime="20220607 02:51:00.122" endtime="20220607 02:51:07.720"/>
</kw>
<status status="PASS" starttime="20220607 02:50:58.274" endtime="20220607 02:51:07.720"/>
</kw>
<kw name="Check If Search Results Equal to 10" library="keywords">
<kw name="Log To Console" library="BuiltIn">
<arg>Waiting for search results...</arg>
<doc>Logs the given message to the console.</doc>
<status status="PASS" starttime="20220607 02:51:07.721" endtime="20220607 02:51:07.721"/>
</kw>
<kw name="Wait Until Element Is Visible" library="SeleniumLibrary">
<arg>css:.search-results__counter</arg>
<arg>10</arg>
<doc>Waits until the element ``locator`` is visible.</doc>
<status status="PASS" starttime="20220607 02:51:07.721" endtime="20220607 02:51:08.440"/>
</kw>
<kw name="Log To Console" library="BuiltIn">
<arg>Search results were displayed</arg>
<doc>Logs the given message to the console.</doc>
<status status="PASS" starttime="20220607 02:51:08.441" endtime="20220607 02:51:08.441"/>
</kw>
<kw name="Log To Console" library="BuiltIn">
<arg>Test will fail as expected...</arg>
<doc>Logs the given message to the console.</doc>
<status status="PASS" starttime="20220607 02:51:08.442" endtime="20220607 02:51:08.442"/>
</kw>
<kw name="Element Text Should Be" library="SeleniumLibrary">
<arg>css:.search-results__counter</arg>
<arg>10 RESULTS FOR "PYTHON"</arg>
<doc>Verifies that element ``locator`` contains exact the text ``expected``.</doc>
<msg timestamp="20220607 02:51:08.442" level="INFO">Verifying element 'css:.search-results__counter' contains exact text '10 RESULTS FOR "PYTHON"'.</msg>
<msg timestamp="20220607 02:51:10.232" level="INFO" html="true">&lt;/td&gt;&lt;/tr&gt;&lt;tr&gt;&lt;td colspan="3"&gt;&lt;a href="selenium-screenshot-1.png"&gt;&lt;img src="selenium-screenshot-1.png" width="800px"&gt;&lt;/a&gt;</msg>
<msg timestamp="20220607 02:51:10.234" level="FAIL">The text of element 'css:.search-results__counter' should have been '10 RESULTS FOR "PYTHON"' but it was '29 RESULTS FOR "PYTHON"'.</msg>
<status status="FAIL" starttime="20220607 02:51:08.442" endtime="20220607 02:51:10.237"/>
</kw>
<status status="FAIL" starttime="20220607 02:51:07.720" endtime="20220607 02:51:10.238"/>
</kw>
<kw name="Close Browser" library="SeleniumLibrary" type="TEARDOWN">
<doc>Closes the current browser.</doc>
<status status="PASS" starttime="20220607 02:51:10.239" endtime="20220607 02:51:10.623"/>
</kw>
<status status="FAIL" starttime="20220607 02:50:20.635" endtime="20220607 02:51:10.624">The text of element 'css:.search-results__counter' should have been '10 RESULTS FOR "PYTHON"' but it was '29 RESULTS FOR "PYTHON"'.</status>
</test>
<doc>EPAM website test using SeleniumLibrary.
Header localisation.
Working About Function.
Python Word Search.</doc>
<status status="FAIL" starttime="20220607 02:49:21.101" endtime="20220607 02:51:10.626"/>
</suite>
<statistics>
<total>
<stat pass="2" fail="1" skip="0">All Tests</stat>
</total>
<tag>
</tag>
<suite>
<stat pass="2" fail="1" skip="0" id="s1" name="Epam">Epam</stat>
</suite>
</statistics>
<errors>
</errors>
</robot>
